(t0): idle running
(t1): New task P2
(t0): Context switch (idle)<->(P2)
(t1): P2 running
(t2): P2 running
(t3): P2 running
(t4): Task P2 goes to sleep until (t5)
(t3): Context switch (P2)<->(idle)
(t4): idle running
(t5): task P2 awoken
(t4): Context switch (idle)<->(P2)
(t5): P2 running
(t5): Context switch (P2)<->(idle)
(t6): idle running
(t7): idle running
(t8): idle running
(t8): Task P4 migrated from CPU 0 to CPU 1 
(t8): Context switch (idle)<->(P4)
(t9): P4 running
(t10): Task P4 goes to sleep until (t11)
(t9): Context switch (P4)<->(idle)
(t10): idle running
==================
P2	1	4	running
P2	4	5	I/O
P2	5	6	running
P4	9	10	running
P4	10	11	I/O
