(t0): New task P1
(t0): New task P2
(t0): P1 running
(t1): P1 running
(t2): P1 running
(t2): Context switch (P1)<->(P2)
(t3): P2 running
(t4): New task P3
(t4): P2 running
(t5): P2 running
(t5): Context switch (P2)<->(P3)
(t6): P3 running
(t7): P3 running
(t8): Task P3 goes to sleep until (t9)
(t7): Context switch (P3)<->(P1)
(t8): P1 running
(t9): task P3 awoken
(t9): P1 running
(t9): Context switch (P1)<->(P3)
(t10): P3 running
(t11): P3 running
(t12): Task P3 goes to sleep until (t13)
(t11): Context switch (P3)<->(P2)
(t12): P2 running
(t13): task P3 awoken
(t13): P2 running
(t14): Task P2 goes to sleep until (t15)
(t13): Context switch (P2)<->(P3)
(t14): P3 running
(t15): task P2 awoken
(t15): P3 running
(t15): Context switch (P3)<->(P2)
(t16): P2 running
(t17): P2 running
(t18): P2 running
(t18): Context switch (P2)<->(P1)
(t19): P1 running
(t19): Context switch (P1)<->(P2)
(t20): P2 running
(t21): New task P4
(t21): P2 running
(t21): Context switch (P2)<->(P4)
(t22): P4 running
(t23): P4 running
(t24): Task P4 goes to sleep until (t25)
(t23): Context switch (P4)<->(P1)
(t24): P1 running
(t25): Task P1 goes to sleep until (t26)
(t25): task P4 awoken
(t24): Context switch (P1)<->(P4)
(t25): P4 running
(t26): task P1 awoken
(t26): P4 running
(t27): Task P4 goes to sleep until (t28)
(t26): Context switch (P4)<->(P1)
(t27): P1 running
(t28): task P4 awoken
(t28): P1 running
(t28): Context switch (P1)<->(P4)
(t29): P4 running
(t30): P4 running
(t30): Context switch (P4)<->(P2)
(t31): P2 running
(t31): Context switch (P2)<->(P1)
(t32): P1 running
(t33): Task P1 goes to sleep until (t34)
(t32): Context switch (P1)<->(P2)
(t33): P2 running
(t34): Task P2 goes to sleep until (t35)
(t34): task P1 awoken
(t33): Context switch (P2)<->(P1)
(t34): P1 running
(t35): task P2 awoken
(t35): P1 running
(t35): Context switch (P1)<->(P2)
(t36): P2 running
(t37): P2 running
(t37): Context switch (P2)<->(P1)
(t38): P1 running
(t39): P1 running
(t40): Task P1 goes to sleep until (t41)
(t39): Context switch (P1)<->(idle)
(t40): idle running
(t41): task P1 awoken
(t40): Context switch (idle)<->(P1)
(t41): P1 running
(t42): P1 running
(t42): Context switch (P1)<->(idle)
==================
P1	0	3	running
P1	3	8	ready
P1	8	10	running
P1	10	19	ready
P1	19	20	running
P1	20	24	ready
P1	24	25	running
P1	25	26	I/O
P1	26	27	ready
P1	27	29	running
P1	29	32	ready
P1	32	33	running
P1	33	34	I/O
P1	34	36	running
P1	36	38	ready
P1	38	40	running
P1	40	41	I/O
P1	41	43	running
P2	0	3	ready
P2	3	6	running
P2	6	12	ready
P2	12	14	running
P2	14	15	I/O
P2	15	16	ready
P2	16	19	running
P2	19	20	ready
P2	20	22	running
P2	22	31	ready
P2	31	32	running
P2	32	33	ready
P2	33	34	running
P2	34	35	I/O
P2	35	36	ready
P2	36	38	running
P3	4	6	ready
P3	6	8	running
P3	8	9	I/O
P3	9	10	ready
P3	10	12	running
P3	12	13	I/O
P3	13	14	ready
P3	14	16	running
P4	21	22	ready
P4	22	24	running
P4	24	25	I/O
P4	25	27	running
P4	27	28	I/O
P4	28	29	ready
P4	29	31	running
